    0.000: NetLogger: start - Sat Dec 01 20:06:57 2018
    0.000: Clk(2923085)
    2.313: DayZ Legacy version: main.cpp 8965 FIXME
    4.291: Fac:start(1.1,2.2,'WinSock 2.0','Running',32767,65467)
   79.433: Par: 1.1,65535,1400,15,3,400000,2,32000,8000,2000000,400,0,6000000,1.040,1000.0,0.980,3000000,3000000,65536
   79.433: Par: 2.50,150000.0,400,15,0.1500,0.1000,0.0500,0.0200,2.20,30000.0,1.80,20000.0,1.40,10000.0,1.10,3000.0,1.40,1.20
   79.433: Par:  [0.900,20.0] [0.980,10.0] [1.000,0.0] [1.020,20.0] [1.100,40.0] [1.300,50.0]
   79.435: Fac:cp(2316,65507,65535,8192)
   79.435: Fac:cp(1,2,65527,'MSAFD Tcpip [UDP/IP]')
   79.458: Ch(0):open(192.168.1.3:2316 <-> 255.255.255.255:0)
   79.459: Pe(0):succ(192.168.1.3:2316)
   79.459: Pe(0):list(2316)
   79.574: Pe(0):cli
   79.574: Cli(192.168.1.3:2302,2302)
   79.575: Ch(1):open(192.168.1.3:2316 <-> 192.168.1.3:2302)
   79.575: Ch(1):cli(192.168.1.3:2302,'root',0,1252961043)
   79.575: XXX connecting 276134031
   79.680: Ch(1):sInst(3.10,6.10,0.00,0.00,0)
   79.680: Ch(1):rCtrlC(12,1,8201,aaa51a7e)
   79.680: Ch(1):uRTT(0.16,2,3,172,17,0.16)
   79.774: XXX finished in 203
   79.775: Ch(1):cli(connected,0.199,1252961043)
   79.795: Ch(1):sHB(0.11,0.11,0.11,0.00,0)
   79.900: Ch(1):sHB(0.22,0.22,0.10,0.00,0)
   80.020: Ch(1):sHB(0.34,0.34,0.12,0.00,0)
   80.130: Ch(1):sHB(0.45,0.45,0.11,0.00,0)
   80.240: Ch(1):sHB(0.56,0.56,0.11,0.00,0)
   81.099: Ch(1):sHB(1.42,1.42,0.33,0.30,0)
   82.179: Ch(1):sHB(2.50,2.50,1.08,0.00,0)
   83.094: Ch(1):sInst(3.41,3.41,0.91,0.91,0)
   83.099: Ch(1):uRTT(0.16,2,23,184,23,0.16)
   83.589: Ch(1):st(BW:250,240,8,240,4,3,82176,G:-1,12/12,4,0.49,5/70,51,0.49,5,0,Q:0/0/0,R400.47-400.47,0-19,20-24)
   84.169: Ch(1):sHB(1.07,1.07,1.07,0.00,0)
   85.089: Ch(1):sHB(1.99,1.99,0.92,0.92,0)
   86.149: Ch(1):sInst(3.05,3.05,0.32,0.00,0)
   86.149: Ch(1):uRTT(0.15,2,32,160,24,0.14)
   87.069: Ch(1):sHB(0.92,0.92,0.92,0.92,0)
   87.654: Ch(1):st(BW:250,265,8,265,3,3,63921,G:2,4/7,3,0.58,6/0,1,0.58,8,0,Q:0/0/0,R400.45-800.94,0-597,26-33)
   88.144: Ch(1):sHB(1.99,1.99,1.07,0.00,0)
   88.469: Ch(1):sHB(2.32,2.32,0.32,0.00,0)
   88.974: Ch(1):sHB(2.82,2.82,0.50,0.45,0)
   89.799: Ch(1):sInst(3.65,3.65,0.12,0.00,0)
   89.799: Ch(1):uRTT(0.13,2,46,106,16,0.09)
   89.909: Ch(1):sHB(0.11,0.11,0.11,0.00,0)
   90.014: Ch(1):sHB(0.21,0.21,0.10,0.00,0)
   90.124: Ch(1):sHB(0.32,0.32,0.11,0.00,0)
   90.229: Ch(1):sHB(0.43,0.43,0.10,0.00,0)
   90.334: Ch(1):sHB(0.53,0.53,0.10,0.00,0)
   90.444: Ch(1):sHB(0.64,0.64,0.11,0.00,0)
   90.549: Ch(1):sHB(0.75,0.75,0.10,0.00,0)
   90.654: Ch(1):sHB(0.85,0.85,0.10,0.00,0)
   90.759: Ch(1):sHB(0.96,0.96,0.10,0.00,0)
   90.999: Ch(1):sHB(1.20,1.20,0.24,0.00,0)
   91.179: Ch(1):sStar(1.38,1.38,0.18,0.00,0)
   91.839: Ch(1):st(BW:250,321,8,321,10,11,76404,G:2,31/9,8,0.01,69/98,118,0.01,38,0,Q:0/0/0,R400.39-400.45,0-290,36-73)
   92.439: Ch(1):rMerC(1649,252,a080,17e)
   95.609: Ch(0):st(BW:250,250,0,250,250,1,0,G:3,30/0,1,-1.00,0/0,0,-1.00,0,0,Q:0/0/0,R0.00-0.00,0-0,0-0)
   95.994: Ch(1):sInst(6.20,6.20,0.00,0.00,0)
   95.995: Ch(1):uRTT(0.11,2,286,67,14,0.05)
   96.004: Ch(1):st(BW:250,350,19,350,60,63,38480,G:2,130/83,50,0.01,28/3,9,0.01,189,0,Q:0/0/0,R400.39-400.39,0-91,98-286)
   96.444: Ch(1):sHB(0.45,0.45,0.10,0.00,0)
   96.445: Ch(1):rMerC(1648,283,a080,27e)
  100.134: Ch(1):st(BW:250,350,38,350,75,78,20830,G:2,244/37,71,0.00,39/3,15,0.01,217,0,Q:0/0/0,R400.32-400.32,0-91,351-567)
  100.465: Ch(1):rMerC(1651,333,a080,3db)
  102.070: Ch(1):sInst(6.08,6.08,0.00,0.00,0)
  102.070: Ch(1):uRTT(0.09,2,791,70,11,0.06)
  104.250: Ch(1):st(BW:245,343,143,343,80,75,24236,G:2,190/192,90,0.14,90/9,40,0.13,247,0,Q:0/0/0,R400.28-400.32,0-290,703-949)
  108.270: Ch(1):sInst(6.20,6.20,0.01,0.00,0)
  108.270: Ch(1):uRTT(0.08,2,1238,87,21,0.07)
  108.355: Ch(1):st(BW:245,343,546,343,77,79,15553,G:2,232/62,81,0.01,83/1,19,0.08,195,0,Q:0/0/0,R400.25-400.28,0-162,1049-1243)
  111.690: Ch(0):st(BW:250,250,0,250,250,0,0,G:3,0/0,0,-1.00,0/0,0,-1.00,0,0,Q:0/0/0,R0.00-0.00,0-0,0-0)
  112.485: Ch(1):st(BW:245,343,1480,343,71,72,12569,G:2,242/11,74,0.00,91/0,33,0.00,181,0,Q:0/0/0,R400.25-400.25,0-201,1316-1496)
  114.340: Ch(1):sInst(6.07,6.07,0.00,0.00,0)
  114.340: Ch(1):uRTT(0.07,2,1594,72,15,0.06)
  115.750: Ch(1):sHB(1.41,1.41,0.23,0.00,0)
  116.550: Ch(1):sHB(2.21,2.21,0.53,0.00,0)
  116.680: Ch(1):st(BW:245,343,3189,343,31,30,5670,G:2,139/7,39,0.13,21/1,4,0.13,81,0,Q:0/0/0,R400.23-400.25,0-162,1562-1642)
  116.805: Ch(1):sHB(2.46,2.46,0.25,0.25,0)
  117.725: Ch(1):sInst(3.38,3.38,0.52,0.00,0)
  117.725: Ch(1):uRTT(0.07,2,1645,84,12,0.07)
  118.550: Ch(1):sHB(0.82,0.82,0.82,0.00,0)
  119.715: Ch(1):sHB(1.99,1.99,1.00,0.00,0)
